Case #1:
0.5
0.5
0.5
Case #2:
0.64583333333333326
0.36805555555555552
0.60416666666666663
0.39583333333333331
Case #3:
0.48708890173209574
0.42874892865538661
0.48664479144327122
0.46354109540658073
0.56195355717449624
0.53868214819809945
0.40345589699299189
0.55486695021599786
0.49973016509752877
0.54930375841474655
0.56329960371165444
0.49342222518761186
0.492133913049829
0.55342193206902279
0.54139933817877717
0.56072141986617507
0.51879037504504111
0.43981141992922063
0.54027527350594284
0.514878257819648
0.49287674447019808
0.44721906373416376
0.51915933290905969
0.4968326809599416
0.51842158129631066
0.42662165199193047
0.528536855474613
0.51514941491789534
0.55718748530747975
0.40997660659622243
0.4641961334012048
0.55400848054123575
0.48682081225569196
0.47108647954285909
0.492280513831609
0.57743522402685921
0.53910576742720306
0.517852970981254
0.543506469766297
0.51585085231075745
0.42542193831632835
0.3990516587452444
0.501319362448388
0.49192657228191328
0.52731016223062444
0.55392161613295854
0.55308416446066222
0.53710833843778172
0.55987021400620873
0.51741949805571807
0.54724398829762266
0.52661288296764475
0.506561604604461
0.5045285972305
0.53909247622176615
0.49950449382407308
0.47459716737361346
0.53566803074110181
0.44389610427339077
0.49318972435767705
0.54664316545367608
0.49705586408500407
0.50665319218203841
0.53918049500303211
0.39998325122044937
0.53371432581468747
0.4770455433873636
0.50896056379732324
0.4055608139252776
0.51009161983639251
0.51117383959652618
0.49462686291242264
0.5222846126867815
0.50829503002787557
0.54801108666220022
0.41611958262280457
0.52930703942800306
0.50303030378612046
0.50552705547367383
0.48240949137649725
0.51838391298239028
0.56654172406613912
0.41983733989122152
0.46293286876737166
0.52777749937033114
0.38197872917838566
0.4696399195431884
0.56683303992678913
0.38270877584024543
0.52141041863397553
0.41271896920833262
0.45163149504781447
0.450823001129711
0.4665135751613545
0.54901651419546693
0.42671269560159669
0.47029075714531343
0.5208625853400406
0.56481100620303748
0.49996541400801808
Case #4:
0.44444444444444442
0.52777777777777779
0.52777777777777779
0.5
0.45833333333333331
0.375
0.5
0.55555555555555558
0.52777777777777779
0.56944444444444442
0.4861111111111111
0.5
0.5
0.51388888888888884
0.55555555555555558
0.47222222222222221
0.58333333333333326
0.51388888888888884
0.3888888888888889
Case #5:
0.5
0.5
0.5
0.5
0.5
0.5
0.5
0.5
0.5
0.5
0.5
0.5
0.5
0.5
0.5
0.5
0.5
0.5
0.5
0.5
0.5
0.5
0.5
0.5
0.5
0.5
0.5
0.5
0.5
0.5
0.5
0.5
0.5
0.5
0.5
0.5
0.5
0.5
0.5
0.5
0.5
0.5
0.5
0.5
0.5
0.5
0.5
0.5
0.5
0.5
0.5
0.5
0.5
0.5
0.5
0.5
0.5
0.5
0.5
0.5
0.5
0.5
0.5
0.5
0.5
0.5
0.5
0.5
0.5
0.5
0.5
0.5
0.5
0.5
0.5
0.5
0.5
0.5
0.5
0.5
0.5
0.5
0.5
0.5
0.5
0.5
0.5
0.5
0.5
0.5
0.5
0.5
0.5
0.5
0.5
0.5
0.5
0.5
0.5
Case #6:
0.503579757861698
0.5544482730938316
0.54354448524824073
0.51750158753236275
0.47216204421766556
0.46244008261728364
0.477282746679983
0.51122256798382038
0.61462881046184437
0.41060884513100326
0.53967401983815333
0.457401665683143
0.55740841820796061
0.55935981519429812
0.44112280546322347
0.51713228750677787
0.42401927388610572
0.54328465732012576
0.50893848112426832
0.47059246031407692
0.47362955005701551
0.52598448377833806
0.51278420416298653
0.5048549081570991
0.48535281100022859
0.52240161560550957
0.55621497315274193
0.46217691967482644
0.55672774490324561
0.48267379502534663
0.48445008959609559
0.50777595536071352
0.52635033988990321
0.49356929576961095
0.4737524287283571
0.49817868691943196
0.52914494433819459
0.49314916536154807
0.40947004911795759
0.42460889373028021
0.53130307315165715
0.55537522871690026
0.51890141783671528
0.493237870786034
0.55112396682244924
0.53489441387646119
0.40322623605654645
0.431229993411027
0.50763302317646775
0.56707601790498141
0.51263000206692522
0.48144525675570288
0.51073002469158535
0.48580556064943003
0.50043423387938746
0.49518324713802542
0.54051333388579259
0.6106279375954401
0.5209176682458031
0.42957794111193387
0.52011491937220533
0.53836672166318122
0.45177722066010656
0.45876634999221194
0.53490567487746976
0.52547777349377645
0.45870782608239336
0.52675648131686925
0.40964996183031654
0.489072275933976
0.53834536761445984
0.45848075384347442
0.54219512299295813
0.40791461566325427
0.42294875556314193
0.46259016959010069
0.38919908068390713
0.50242752630962584
0.52583515087140287
0.53731823514198918
0.50520171941663794
0.53419078291737188
0.47176192461818789
0.56216859829788013
0.4141973421937305
0.58406451025707673
0.4075632829743765
0.5560453040497918
0.58722999199715609
0.52497783823973654
0.52430507570756768
0.40548566106375572
0.39748770250420573
0.56802558161450856
0.501785510045461
0.519926911901797
0.515477073895323
Case #7:
0.40360622301606408
0.5475493756953318
0.53809392426537661
0.44789681515087126
0.53274127605450694
0.48839998374392646
0.41334786182708594
0.53262890515775418
0.52189579786635576
0.50161536382270777
0.5396747095428075
0.5337689659581365
0.45812202923652878
0.53744472768447349
0.556986854658601
0.43686233624124482
0.543336316724359
0.417190742574073
0.50260980059100735
0.50184273667344192
0.55716195292714532
0.52304135777785865
0.52966254577582228
0.47904653422111454
0.57248361457674457
0.50642890885544989
0.60380549942682071
0.46688697256825684
0.510947641844603
0.42834911585436741
0.44827576652642109
0.56481243170660722
0.47350252501547646
0.48194153386269584
0.54421072820719552
0.54745666096247225
0.40002079712594157
0.50607170236328525
0.48134137699841856
0.48351612136457733
0.4621424239262778
0.42189017893519976
0.58977167859558155
0.432028008851283
0.53898018551456184
0.43638503540480594
0.51820848471543624
0.49711314126216716
0.36299366167582431
0.48189554216465114
0.373977015418641
0.56173102891155691
0.53680859113424173
0.50289334897658022
0.56020000416161286
0.54013773741977933
0.55768835056846311
Case #8:
0.50654438218362785
0.54459472321505964
0.56362052178959576
0.49024232954289809
0.54412678667162573
0.53923381936527037
0.44447856749682468
0.515546965374568
0.523036713190959
0.45540635916796623
0.46063160602687958
0.4843730490668009
0.53805158233763273
0.52660003775311459
0.5313803743047596
0.50928061564586158
0.4752894040743158
0.50053364432697067
0.44615186658722505
0.4878752036623506
0.52923892997698141
0.55652148380606736
0.44793185873862879
0.47004431034509164
0.422282849050971
0.51169274223179528
0.46919063498512154
0.49009014796535327
0.53225340435454394
0.42415284309236423
0.4981247621656244
0.501177244163554
0.45262416435902547
0.49744248128024438
0.56549049063692358
0.5482110435597296
Case #9:
0.52604542032496682
0.59328756621866829
0.54016054834300709
0.47426148960358328
0.41483114410284755
0.44610103590480521
0.41636185620053134
0.50042332133574363
0.504374337289422
0.54393249521137155
0.5435754286650567
0.52176898032817687
0.41789049546283513
0.4602213645541422
0.53620198561793342
0.42140926586272642
0.3932708814503072
0.50798660834583109
0.52327692080725008
0.54855946877818518
0.5616111545843695
0.478466829654415
0.52571697033428233
0.57150286190506838
0.54037698581474714
0.51468931765809212
0.52572736693875965
0.53646294306964848
0.49126851499772967
0.43211902388345064
0.46746709649957735
0.50779191696293036
0.50900077503447272
0.51483943296604329
0.51241064092218
0.49874007739382542
0.45292763494736565
0.53553988828491761
0.45888451425423904
0.593306568586631
0.52998182348179368
0.56860170889998018
0.50194447261113384
0.50951209764304584
0.49397632850493922
0.42704357322036723
0.42102439117104684
0.52669759353682544
0.43219629465578807
0.56142755688719248
0.507516767902133
0.5670784940400474
0.52653949536207334
0.508954213488352
0.53591911725174568
0.54071474120574037
0.407400020525845
0.50928648843387569
0.48787150496342047
0.50582720385141267
0.54860773939180829
0.507543558597463
0.41669683939822255
0.51822977333934173
0.49527628791358058
0.45972511129325611
0.51890951043874178
0.47130692532249358
0.530914348608096
0.50580851981164288
0.5477847894743576
0.44705491621339633
0.4400942932720644
0.55521049572222025
0.49119720103697639
0.50864827498360443
0.49077307092509592
0.43225184138727707
0.50411243209100021
0.538864810586177
0.528965172691306
0.5691109419654633
0.5447530308915961
0.37721317283975
0.50796811666217
0.42333755067890055
0.50599972158622175
Case #10:
0.46338383838383829
0.46843434343434337
0.56691919191919193
0.60227272727272729
0.38005050505050508
0.46085858585858575
0.45833333333333326
0.42297979797979796
0.58207070707070707
0.55429292929292928
0.49116161616161613
0.59722222222222221
0.54419191919191923
0.61489898989898983
0.38510101010101017
0.481060606060606
0.47853535353535348
0.4255050505050505
0.50631313131313127
0.4103535353535353
0.5744949494949495
0.55934343434343436
0.54671717171717171
0.428030303030303
0.49368686868686867
0.43308080808080807
0.52398989898989889
0.39267676767676774
0.529040404040404
0.51388888888888884
0.61237373737373724
0.52146464646464641
0.48611111111111105
0.561868686868687
0.60984848484848475
0.41540404040404039
0.45075757575757569
0.40025252525252525
0.60732323232323226
0.5012626262626263
0.44570707070707061
0.55681818181818188
0.49621212121212122
0.51893939393939381
0.53914141414141414
0.4987373737373737
0.6224747474747474
0.40782828282828282
0.38762626262626271
0.56439393939393945
0.39520202020202022
0.58459595959595956
0.48863636363636359
0.53661616161616166
0.45328282828282818
0.48358585858585856
0.571969696969697
0.60479797979797967
0.41287878787878785
0.50883838383838376
0.37500000000000006
0.47095959595959586
0.40277777777777779
0.46590909090909083
0.50378787878787878
0.45580808080808072
0.58712121212121215
0.62499999999999989
0.42045454545454541
0.51136363636363624
0.44318181818181812
0.61994949494949481
0.43560606060606055
0.577020202020202
0.58964646464646464
0.4734848484848484
0.38257575757575762
0.61742424242424232
0.51641414141414133
0.43055555555555552
0.3775252525252526
0.53409090909090906
0.56944444444444442
0.59217171717171713
0.54166666666666663
0.44823232323232315
0.5997474747474747
0.41792929292929293
0.54924242424242431
0.47601010101010094
0.39015151515151519
0.39772727272727271
0.57954545454545459
0.53156565656565657
0.59469696969696972
0.44065656565656558
0.5517676767676768
0.43813131313131304
0.40530303030303028
0.52651515151515138
Case #11:
0.625
0.62247474747474751
0.61994949494949492
0.61742424242424243
0.61489898989898983
0.61237373737373735
0.60984848484848486
0.60732323232323226
0.60479797979797978
0.60227272727272729
0.5997474747474747
0.59722222222222221
0.59469696969696972
0.59217171717171713
0.58964646464646464
0.58712121212121215
0.58459595959595956
0.58207070707070707
0.57954545454545459
0.577020202020202
0.5744949494949495
0.571969696969697
0.56944444444444442
0.56691919191919193
0.56439393939393945
0.56186868686868685
0.55934343434343436
0.55681818181818188
0.55429292929292928
0.5517676767676768
0.54924242424242431
0.54671717171717171
0.54419191919191923
0.54166666666666663
0.53914141414141414
0.53661616161616166
0.53409090909090906
0.53156565656565657
0.529040404040404
0.52651515151515149
0.523989898989899
0.52146464646464641
0.51893939393939392
0.51641414141414144
0.51388888888888884
0.51136363636363635
0.50883838383838387
0.50631313131313127
0.50378787878787878
0.5012626262626263
0.49873737373737376
0.49621212121212122
0.49368686868686867
0.49116161616161613
0.48863636363636365
0.4861111111111111
0.48358585858585856
0.48106060606060608
0.47853535353535354
0.476010101010101
0.47348484848484851
0.47095959595959597
0.46843434343434343
0.46590909090909094
0.4633838383838384
0.46085858585858586
0.45833333333333331
0.45580808080808083
0.45328282828282829
0.45075757575757575
0.4482323232323232
0.44570707070707072
0.44318181818181818
0.44065656565656564
0.43813131313131315
0.43560606060606061
0.43308080808080807
0.43055555555555558
0.42803030303030304
0.4255050505050505
0.42297979797979796
0.42045454545454547
0.41792929292929293
0.41540404040404039
0.4128787878787879
0.41035353535353536
0.40782828282828282
0.40530303030303028
0.40277777777777779
0.40025252525252525
0.39772727272727271
0.39520202020202022
0.39267676767676768
0.39015151515151514
0.38762626262626265
0.38510101010101011
0.38257575757575757
0.380050505050505
0.37752525252525254
0.375
Case #12:
0.506865887785722
0.52181411896551144
0.50569943103667059
0.51663655752387949
0.56090506676927676
0.53655189792847247
0.53266999674524673
0.5172595420196564
0.56562028587684932
0.41774786046174922
0.46465691882878085
0.43490856746998047
0.58112313890363287
0.43051890257276326
0.52542099394929542
0.51053598035013814
0.46244530704316505
0.53453389363726511
0.51820654311539038
0.51586700645621175
0.50155486970130048
0.49227223411475807
0.54202764336508857
0.46268454505953766
0.535228219208842
0.48596677705051106
0.53867043627819111
0.5211571182939736
0.52663282116932375
0.473003651622413
0.5010486708470796
0.52721524410219789
0.52538734308435942
0.39427002073668627
0.53667398156355084
0.47079458532059543
0.49850891788569907
0.54292621408261432
0.39045002091428072
0.44637136840350156
0.45281624054996267
0.54065245402304662
0.52472944048971948
0.53227586550841677
0.527793855991471
0.45690944046016974
0.38484848713001285
0.54284603308515755
0.549807014190646
0.55368209616722008
0.40881650288177385
0.45430060708519659
Case #13:
0.5064674798890898
0.57163838142046708
0.53029260858013716
0.52658296978746
0.51032183295626521
0.52175358995885179
0.42903040164695017
0.49544686872325344
0.49538310440008421
0.39964036814256243
0.55075765464214
0.49567751106374347
0.45870151078018889
0.43962010761223225
0.5057056553848458
0.52527568144906445
0.46575109877763909
0.49997233783524192
0.52963444884758593
0.45826033771176683
0.48170227784538888
0.42878414911395024
0.514305037521633
0.54099464109166417
0.45570247065515945
0.4636143854414897
0.55634167717968219
0.57591021787724483
0.549973268749913
0.47782153494577595
0.54880425790239284
0.4712710157831444
0.53148981552949681
0.40903278232074008
0.50391246764567077
0.56631184317007
0.40683375625654611
0.53783554710366721
0.56646378793966778
0.45383560262732897
0.42865399688581252
0.50761425609066391
0.53112037841449689
0.48218949043631254
0.54331935740515647
0.50972227814399207
0.45159210302119956
0.39826081307044137
0.48565616133718859
0.540418561706866
0.51076481401231222
0.57043440935109579
0.54080191634062735
Case #14:
0.50014380723728791
0.46361881940106292
0.49034882427257431
0.50980856911391526
0.5054877720526354
0.55102534030046346
0.46633490594892035
0.510432059370914
0.5010007025738209
0.5328122241359774
0.4209089516270339
0.43385099795980719
0.41193296380499933
0.50340898919245713
0.49110319751102949
0.55046577275097075
0.52255174085143374
0.53042828477314674
0.50859191082860544
0.4503412493192106
0.4938037788205033
0.51217179277369584
0.48706353202017288
0.46473442382608515
0.52432187709091826
0.528211081199904
0.52034843835717326
0.51864249965437748
0.4188351264657621
0.49228875711671394
0.54625468698006152
0.53204079889240963
0.5086446818229835
0.515076763634024
0.51866343341519427
0.45555535115832824
0.50996398388739927
0.48263520016271244
0.47787772773538117
0.38313737650690771
0.43092492398655274
0.52113668254898093
0.537149564551656
0.5089957546920254
0.53828729189651614
0.50724971596921642
0.56932438501566174
0.38380206641874376
0.554663775399217
0.49668090111373675
0.55990470280540738
0.532597472948941
0.5804871509117977
0.511085298718478
0.50560444626604117
0.54696647642980134
0.53103385324522523
0.52201854173673889
0.44441971019577442
0.44502913632465341
0.53064796700042272
Case #15:
0.42594708683843441
0.51474321899778874
0.49525376776516639
0.55565959393678854
0.51435879496258219
0.42400548861762477
0.43177061347650542
0.552616828938197
0.54180383228536044
0.41224127838188229
0.49460446677574454
0.51790368082653582
0.40018339585613227
0.51554297638270219
0.45970985899315159
0.48162596727650075
0.48536515422407589
0.51824918643777562
0.55570646102656807
0.52667592509066141
0.48743524144951023
0.47505173943347578
0.5344250956718658
0.5444196800204435
0.50895073005355773
0.556256339119566
0.45707603625453408
0.48408636469212718
0.53753441276616565
0.3886972395493411
0.39535422264651893
0.53720838012318972
0.5388262006036495
0.4942485849641477
0.55870634645819028
0.48083714917651177
0.54643933120927413
0.47228000474654097
0.4558810205460741
0.55885067214081774
0.43730204587933685
0.53025400768352782
0.53124284344427708
0.5225189996353492
0.53417559069569809
0.48966667124064434
0.46982313134883824
0.50196977117801234
0.39016252245900451
0.51063634813719694
0.50463909562590081
0.5133060151234855
0.53095184762878089
0.53461033430612392
0.503183180015657
0.56625060719711817
0.51267343135912158
0.52803814768668733
0.52232736346553565
0.49233249285195413
0.51329366531717036
0.53187996998142906
0.50395200427106024
0.44607010507307959
0.50655899640926749
0.47975191295554803
0.52493183183998227
0.54813210369819232
0.528969903061445
0.47539109581324257
0.52717612184608353
0.46318224721467283
0.5353398700067229
0.46435974132876251
0.44220500117461792
0.51235578783708124
0.4894734170657572
0.56934262439525929
0.53066341422985286
0.38847987369751097
0.45761184139217126
0.54577474524115255
0.52837080626232491
0.53032718620813191
0.44625038188451704
0.51165481048560879
0.53550946250862186
0.43400925022374703
0.51042406924803785
0.52734254489101728
0.53064146982755844
0.48768460806996938
0.49696971228032694
0.43551027568506084
0.51961305463081764
0.55592551766393961
0.46931254401771988
0.54520696083632092
0.44765084319223375
0.54065077400538353
Case #16:
0.52288735569985567
0.56831008497675162
0.514959875306872
0.55253961031152588
0.57967413941778123
0.60834381943012894
0.31320961105593143
0.46253382034632035
0.39252321018194031
0.47934144650743671
0.47100979561297018
0.53136529500842267
0.48257774677823384
0.50671332215163378
0.64200001571450438
0.369149345638929
0.42491921768707486
0.48003641323953822
0.35922781051253277
0.5764840459993521
0.52287292353810211
0.70184702362732654
0.36901686507936504
0.49277442580567582
0.51572002102034564
0.53757275164810336
0.79057870370370376
0.56998024852732643
0.63251356392725433
0.49616820649288179
0.69870411706349211
0.37163074194324197
0.64272848889326162
0.48070203523328525
0.499920274337598
0.40531523666629188
0.451707855749049
0.5280476202188864
0.5899813867389625
0.512219509673391
0.58546351410934738
0.49207616843033508
0.38121902941234648
0.34991359169930597
0.58587376743626751
0.48720391475493519
0.49655122655122652
0.48859126984126988
0.54780608666025332
0.58833476011055374
0.50289514690556358
0.54872978652740556
0.501022581050217
0.488747594997595
0.62736639786513526
0.499946707333071
0.4920659722222222
0.43892203282828285
0.51987648594791447
0.471096851987849
0.48349245830678461
0.49098324514991182
0.51572623914885829
0.53650867689090831
0.58509123441043087
0.42901786358482785
0.43410759379509378
0.44046245297361369
0.55393343392351324
0.49073640217106129
0.43560603945817689
0.53866655500584071
0.48270020690655613
0.48783201387271424
0.39153880643166361
0.55073256891960509
0.50466198979591836
0.55575936584459307
0.34173300464967127
0.66836151158695789
0.36635810895754078
0.39039900493025492
0.4088608487472124
0.44683915043290046
0.43157360512345017
0.54730357142857144
0.42052872206332026
0.82598890692640692
0.51251861599399484
0.53869143532834007
0.64314226838577482
Case #17:
0.50622300635321471
0.52688617324033993
0.37690295815295816
0.27452561327561331
0.45444576719576713
0.43691510529401156
0.69119681437389768
0.53556609789177811
0.60573361967893213
0.51115081750994451
0.47496683100849768
0.53772183105144411
0.4003087381575105
0.6787054108259466
0.58494791264043489
0.42512723339546254
0.54468832671957668
0.55401997404601566
0.46117917768959427
0.52667937882223592
0.49151388888888892
0.56693056486062432
0.46647411616161616
0.43600289316063123
0.42539971473999255
0.61108420514670514
0.555326934309077
0.53202023333533743
0.6266565988506092
0.35207589285714286
0.54071411392839963
0.46586431444070331
0.57820010219470785
0.40019469454799317
0.49766985329485325
0.440190045294212
0.61762885301426973
0.4243557492441421
0.478608505691839
0.42674423228887515
0.5070297218213885
0.42008167464516666
0.50788540163540163
0.49778251262626261
0.36083175818201857
0.47593405533509703
0.5125836275166632
0.47306389790764797
0.59107576258617933
0.59895801767676771
Case #18:
0.38958333333333328
0.578125
0.41666666666666663
0.0625
0.26111111111111113
0.46296296296296291
0.70879629629629637
0.51388888888888884
0.72736111111111112
0.6875
0.72916666666666663
0.52083333333333326
0.484375
0.41145833333333331
0.62777777777777777
0.28125
0.44270833333333331
0.5
0.63125
0.11111111111111111
0.47916666666666663
0.39583333333333331
0.22222222222222221
0.37916666666666665
0.68229166666666663
0.58583333333333332
0.33333333333333331
0.47222222222222221
0.328125
0.55555555555555558
0.55555555555555558
0.38020833333333331
0.4548611111111111
0.52916666666666656
0.65625
0.37037037037037035
0.54166666666666663
0.55833333333333335
0.640625
0.53708333333333336
0.37222222222222223
0.5625
0.46875
0.63194444444444442
0.72395833333333326
0.48611111111111105
0.35416666666666669
0.6782407407407407
0.32020833333333332
0.6796875
0.47916666666666663
0.26666666666666666
0.22916666666666666
0.38541666666666663
0.5
0.58833333333333337
0.61805555555555547
0.60329861111111116
0.48437499999999994
0.36111111111111105
0.60416666666666663
0.68333333333333324
0.30208333333333331
0.67708333333333326
0.46354166666666663
0.51388888888888884
0.56388888888888888
0.91319444444444442
0.57777777777777783
0.46875
0.33333333333333331
0.475
0.51736111111111116
0.44270833333333331
0.33506944444444442
0.37268518518518517
0.69791666666666663
0.85833333333333339
0.40625
0.51041666666666663
0.64930555555555558
0.3666666666666667
0.48032407407407407
0.37319444444444438
0.703125
0.625
0.52083333333333326
0.54166666666666663
0.53819444444444442
0.59606481481481477
0.25416666666666665
0.61805555555555558
0.40902777777777777
0.55833333333333335
0.4375
0.34722222222222221
0.54513888888888884
0.54166666666666663
0.63194444444444442
0.28472222222222221
Case #19:
0.45884092379281455
0.53576177755256238
0.51972343145585509
0.50112533594769282
0.40283972000844009
0.53323220112633285
0.46157879662985946
0.51656230555988847
0.576635461514519
0.55823900777064983
0.49334204492435474
0.5272550209766691
0.3970123767227231
0.38083940702112545
0.54023768389475957
0.54012647866159491
0.48582128931421165
0.56293765566803211
0.48108003558849805
0.46826476957663116
0.52145994149888431
0.47261165309809194
0.54816253283533456
0.43524330215646106
0.51918979149175548
0.40826965927043773
0.56272605343474458
0.51235285597901836
0.446081071049651
0.50531171711625
0.52516134647095369
0.55218203109897424
0.46605522005979194
0.57883618476545029
0.48804388142781063
0.44728172995651655
0.50696254378336369
0.54243656574914378
0.4033593228522846
0.48467833172548425
0.4188873398497524
0.518090249511337
0.55404476651933554
0.51353541167552041
0.5334936917309484
0.57928743430406771
0.53002540369744211
0.43911995993776537
0.54221920631708664
0.56833690425707961
0.52632553230383616
0.48810743640703425
0.463408970632301
0.5260217099701
0.44651653419235948
0.54416954563068431
0.47346587535240958
Case #20:
0.51011980347694641
0.42181274551066222
0.42489320554610738
0.64534970238095235
0.47388255070546736
0.43492364117364113
0.54613319633408919
0.51247156084656087
0.41751292688792685
0.50482521979049755
0.49938891644620809
0.50169979748352767
0.43153273809523807
0.41745129870129871
0.42737847222222214
0.5357642471340387
0.4039068011463845
0.45018454009339426
0.61993305504019791
0.44397528108465606
0.44411541005291005
0.51406977513227514
0.51737783876176735
0.45233171731896216
0.44606343694885364
0.60658503576327649
0.44991005291005293
0.6181695891740534
0.53174691930644313
0.56837016422730713
0.48982662509448227
0.563655753968254
0.60207860922146639
0.68028769841269843
0.39837762546095884
0.52993093968788418
0.46263882208326651
0.39942655723905723
0.57083965183295537
0.50769069664903
0.52996021367301127
0.46001732890125746
0.422217787999038
0.66676277281746033
0.43050365474472618
0.36580605158730162
