Case #1:
0.5
0.5
0.5
Case #2:
0.64583333333333326
0.36805555555555552
0.60416666666666663
0.39583333333333331
Case #3:
0.67185317460317462
0.48092013888888885
0.34387896825396824
0.57428571428571429
0.41907903439153438
0.56082539682539689
0.54395039682539681
0.45094246031746033
0.49966931216931215
Case #4:
0.43055555555555558
0.4861111111111111
0.51388888888888884
0.40277777777777779
0.625
0.45833333333333331
0.59722222222222221
0.56944444444444442
0.54166666666666663
0.375
Case #5:
0.54166666666666663
0.66666666666666663
0.79166666666666663
0.38888888888888884
0.29166666666666663
0.44444444444444442
0.49305555555555547
0.4236111111111111
0.52083333333333326
0.650462962962963
Case #6:
0.625
0.59722222222222221
0.56944444444444442
0.54166666666666663
0.51388888888888884
0.4861111111111111
0.45833333333333331
0.43055555555555558
0.40277777777777779
0.375
Case #7:
0.5
0.5
0.5
0.5
Case #8:
0
0.1875
0.25
0.5
0.75
0.8125
1
Case #9:
0.48958333333333326
0.546875
0.31944444444444442
0.50260416666666663
0.65625
0.44270833333333326
0.47916666666666663
Case #10:
0.375
0.41208333333333336
0.55833333333333335
0.5125
0.57583333333333331
0.575
0.52375
0.5083333333333333
0.46333333333333332
Case #11:
0.39975097181729835
0.50373542274052474
0.62881324404761907
0.49906994047619047
0.46781994047619047
0.40531994047619047
0.46781994047619047
0.56572420634920628
0.56631324404761907
Case #12:
0.28118055555555554
0.58706018518518521
0.2625
0.61951388888888892
0.45907407407407408
0.50142361111111111
0.71684027777777781
0.33098958333333334
0.80423611111111115
Case #13:
0.59375
0.4375
0.46875
0.4375
0.53125
Case #14:
0.625
0.375
0.5
Case #15:
0.4375
0.4375
0.5
0.5625
0.5625
Case #16:
0.43285714285714288
0.49467261904761906
0.48006802721088432
0.62110714285714286
0.38647817460317463
0.547607142857143
0.5268367346938776
0.52241496598639459
Case #17:
0.60416666666666663
0.39583333333333331
0.64583333333333326
0.36805555555555552
Case #18:
0.43611111111111106
0.5
0.5
0.6513888888888888
0.42430555555555549
0.47465277777777776
0.5
0.59666666666666668
0.5
0.43166666666666664
Case #19:
0.5
0.5
0.49999999999999994
0.5
0.49999999999999994
0.5
0.49999999999999994
0.5
0.5
Case #20:
0.47697751322751325
0.36981079931972793
0.54824991901522524
0.3887301587301587
0.61502186588921282
0.47921414399092971
0.46852702191987905
0.51620343375445421
0.508718820861678
0.613028830579851
